2018-07-22 10:27:22 [INFO ] [TestBase] - [getBrowserObject] Chrome
2018-07-22 10:27:22 [INFO ] [TestBase] - [after] 
2018-07-22 10:27:22 [INFO ] [TestBase] - [getBrowserObject] Chrome
2018-07-22 10:27:22 [INFO ] [TestBase] - [after] 
2018-07-22 10:30:52 [INFO ] [TestBase] - [getBrowserObject] Chrome
2018-07-22 10:31:02 [INFO ] [TestBase] - [before] Chrome
2018-07-22 10:31:18 [INFO ] [TestBase] - [after] 
2018-07-22 10:31:18 [INFO ] [TestBase] - [getBrowserObject] Chrome
2018-07-22 10:31:21 [INFO ] [TestBase] - [before] Chrome
2018-07-22 10:31:33 [INFO ] [TestBase] - [after] 
2018-07-22 12:03:44 [INFO ] [TestBase] - [getBrowserObject] Chrome
2018-07-22 12:03:49 [INFO ] [TestBase] - [before] Chrome
2018-07-22 12:04:07 [INFO ] [TestBase] - [after] 
2018-07-22 12:04:07 [INFO ] [TestBase] - [getBrowserObject] Chrome
2018-07-22 12:04:10 [INFO ] [TestBase] - [before] Chrome
2018-07-22 12:04:11 [INFO ] [TestBase] - [after] 
2019-07-29 21:30:47 [INFO ] [TestBase] - [getBrowserObject] Chrome
2019-07-29 21:30:54 [INFO ] [TestBase] - [before] Chrome
2019-07-29 21:31:07 [INFO ] [WaitHelper] - [waitForElement] element found...Sign in
2019-07-29 21:31:07 [INFO ] [LoginPage] - [clickOnSignInLink] clicked on sign in link...
2019-07-29 21:31:10 [INFO ] [LoginPage] - [enterEmailAddress] entering email address....test902@gmail.com
2019-07-29 21:31:10 [INFO ] [LoginPage] - [enterPassword] entering password....password
2019-07-29 21:31:10 [INFO ] [LoginPage] - [clickOnSubmitButton] clicking on submit button...
2019-07-29 21:31:14 [INFO ] [WaitHelper] - [waitForElement] element found...WOMEN
2019-07-29 21:31:34 [INFO ] [GenericHelper] - [isDisplayed] org.openqa.selenium.NoSuchElementException: no such element: Unable to locate element: {"method":"xpath","selector":"//*[@id='center_column']/p"}
  (Session info: chrome=75.0.3770.100)
  (Driver info: chromedriver=2.38.552522 (437e6fbedfa8762dec75e2c5b3ddb86763dc9dcb),platform=Windows NT 6.3.9600 x86_64) (WARNING: The server did not provide any stacktrace information)
Command duration or timeout: 0 milliseconds
For documentation on this error, please visit: http://seleniumhq.org/exceptions/no_such_element.html
Build info: version: '3.5.1', revision: '9c21bb67ef', time: '2017-08-17T15:26:08.955Z'
System info: host: 'ADMIN', ip: '192.168.43.91', os.name: 'Windows 8.1', os.arch: 'amd64', os.version: '6.3', java.version: '1.8.0_151'
Driver info: org.openqa.selenium.chrome.ChromeDriver
Capabilities [{mobileEmulationEnabled=false, hasTouchScreen=false, platform=WIN8_1, acceptSslCerts=false, acceptInsecureCerts=false, webStorageEnabled=true, browserName=chrome, takesScreenshot=true, javascriptEnabled=true, setWindowRect=true, unexpectedAlertBehaviour=, applicationCacheEnabled=false, rotatable=false, networkConnectionEnabled=false, chrome={chromedriverVersion=2.38.552522 (437e6fbedfa8762dec75e2c5b3ddb86763dc9dcb), userDataDir=C:\Users\Admin-HP\AppData\Local\Temp\scoped_dir3700_21843}, takesHeapSnapshot=true, pageLoadStrategy=normal, unhandledPromptBehavior=, databaseEnabled=false, handlesAlerts=true, version=75.0.3770.100, browserConnectionEnabled=false, nativeEvents=true, locationContextEnabled=true, cssSelectorsEnabled=true}]
Session ID: e53182fb853e21de8166eb632a4a6434
*** Element info: {Using=xpath, value=//*[@id='center_column']/p}
2019-07-29 21:31:34 [INFO ] [TestBase] - [after] 
